\BOOKMARK [0][-]{part.1}{\376\377\000I\000\040\000I\000n\000t\000r\000o\000d\000u\000c\000t\000i\000o\000n}{}% 1
\BOOKMARK [1][-]{section.1}{\376\377\000D\000i\000g\000i\000t\000a\000l\000\040\000C\000i\000r\000c\000u\000l\000a\000r\000i\000t\000y}{part.1}% 2
\BOOKMARK [1][-]{section.2}{\376\377\000D\000i\000g\000i\000t\000a\000l\000C\000i\000r\000c\000u\000l\000a\000r\000i\000t\000y\000T\000o\000o\000l\000k\000i\000t}{part.1}% 3
\BOOKMARK [2][-]{subsection.2.1}{\376\377\000M\000i\000n\000i\000m\000u\000m\000\040\000w\000o\000r\000k\000i\000n\000g\000\040\000e\000x\000a\000m\000p\000l\000e}{section.2}% 4
\BOOKMARK [0][-]{part.2}{\376\377\000I\000I\000\040\000W\000o\000r\000k\000f\000l\000o\000w\000s}{}% 5
\BOOKMARK [0][-]{part.3}{\376\377\000I\000I\000I\000\040\000C\000o\000m\000p\000o\000n\000e\000n\000t\000\040\000R\000e\000f\000e\000r\000e\000n\000c\000e}{}% 6
\BOOKMARK [1][-]{section.3}{\376\377\000O\000b\000j\000e\000c\000t\000s}{part.3}% 7
\BOOKMARK [2][-]{subsection.3.1}{\376\377\000O\000b\000j\000e\000c\000t}{section.3}% 8
\BOOKMARK [2][-]{subsection.3.2}{\376\377\000L\000i\000n\000e\000a\000r\000O\000b\000j\000e\000c\000t}{section.3}% 9
\BOOKMARK [2][-]{subsection.3.3}{\376\377\000P\000l\000a\000n\000a\000r\000O\000b\000j\000e\000c\000t}{section.3}% 10
\BOOKMARK [2][-]{subsection.3.4}{\376\377\000B\000o\000x\000O\000b\000j\000e\000c\000t}{section.3}% 11
\BOOKMARK [2][-]{subsection.3.5}{\376\377\000S\000p\000h\000e\000r\000i\000c\000a\000l\000O\000b\000j\000e\000c\000t}{section.3}% 12
\BOOKMARK [2][-]{subsection.3.6}{\376\377\000U\000t\000i\000l\000i\000t\000i\000e\000s}{section.3}% 13
\BOOKMARK [3][-]{subsubsection.3.6.1}{\376\377\000O\000b\000j\000e\000c\000t\000P\000r\000o\000p\000e\000r\000t\000i\000e\000s}{subsection.3.6}% 14
\BOOKMARK [3][-]{subsubsection.3.6.2}{\376\377\000O\000v\000e\000r\000r\000i\000d\000e\000P\000C\000A}{subsection.3.6}% 15
\BOOKMARK [1][-]{section.4}{\376\377\000S\000e\000t\000s}{part.3}% 16
\BOOKMARK [2][-]{subsection.4.1}{\376\377\000L\000i\000n\000e\000a\000r\000S\000e\000t}{section.4}% 17
\BOOKMARK [2][-]{subsection.4.2}{\376\377\000P\000l\000a\000n\000a\000r\000S\000e\000t}{section.4}% 18
\BOOKMARK [2][-]{subsection.4.3}{\376\377\000B\000o\000x\000S\000e\000t}{section.4}% 19
\BOOKMARK [2][-]{subsection.4.4}{\376\377\000S\000p\000h\000e\000r\000e\000S\000e\000t}{section.4}% 20
\BOOKMARK [1][-]{section.5}{\376\377\000C\000h\000a\000r\000a\000c\000t\000e\000r\000i\000z\000a\000t\000i\000o\000n}{part.3}% 21
\BOOKMARK [2][-]{subsection.5.1}{\376\377\000F\000e\000a\000t\000u\000r\000e\000V\000e\000c\000t\000o\000r}{section.5}% 22
\BOOKMARK [2][-]{subsection.5.2}{\376\377\000L\000i\000n\000e\000S\000c\000o\000r\000e}{section.5}% 23
\BOOKMARK [2][-]{subsection.5.3}{\376\377\000P\000l\000a\000n\000e\000S\000c\000o\000r\000e}{section.5}% 24
\BOOKMARK [2][-]{subsection.5.4}{\376\377\000B\000o\000x\000S\000c\000o\000r\000e}{section.5}% 25
\BOOKMARK [2][-]{subsection.5.5}{\376\377\000S\000p\000h\000e\000r\000e\000S\000c\000o\000r\000e}{section.5}% 26
\BOOKMARK [2][-]{subsection.5.6}{\376\377\000R\000a\000d\000i\000a\000l\000S\000i\000g\000n\000a\000t\000u\000r\000e}{section.5}% 27
\BOOKMARK [2][-]{subsection.5.7}{\376\377\000H\000a\000r\000m\000o\000n\000i\000c\000A\000n\000a\000l\000y\000s\000i\000s\000R\000e\000a\000l}{section.5}% 28
\BOOKMARK [2][-]{subsection.5.8}{\376\377\000H\000a\000r\000m\000o\000n\000i\000c\000A\000n\000a\000l\000y\000s\000i\000s\000C\000o\000m\000p\000l\000e\000x}{section.5}% 29
\BOOKMARK [1][-]{section.6}{\376\377\000D\000i\000s\000t\000a\000n\000c\000e}{part.3}% 30
\BOOKMARK [2][-]{subsection.6.1}{\376\377\000E\000u\000c\000l\000i\000d\000e\000a\000n\000D\000i\000s\000t\000a\000n\000c\000e}{section.6}% 31
\BOOKMARK [2][-]{subsection.6.2}{\376\377\000A\000s\000y\000m\000m\000E\000u\000c\000l\000i\000d\000e\000a\000n\000D\000i\000s\000t\000a\000n\000c\000e}{section.6}% 32
\BOOKMARK [1][-]{section.7}{\376\377\000M\000a\000t\000c\000h\000i\000n\000g}{part.3}% 33
\BOOKMARK [2][-]{subsection.7.1}{\376\377\000H\000u\000n\000g\000a\000r\000i\000a\000n}{section.7}% 34
\BOOKMARK [2][-]{subsection.7.2}{\376\377\000U\000t\000i\000l\000i\000t\000i\000e\000s}{section.7}% 35
\BOOKMARK [3][-]{subsubsection.7.2.1}{\376\377\000M\000a\000t\000c\000h\000L\000i\000n\000e\000s}{subsection.7.2}% 36
\BOOKMARK [3][-]{subsubsection.7.2.2}{\376\377\000A\000l\000i\000g\000n\000T\000o\000O\000b\000j\000e\000c\000t}{subsection.7.2}% 37
\BOOKMARK [1][-]{section.8}{\376\377\000U\000t\000i\000l\000i\000t\000i\000e\000s}{part.3}% 38
\BOOKMARK [2][-]{subsection.8.1}{\376\377\000K\000n\000o\000l\000l}{section.8}% 39
\BOOKMARK [2][-]{subsection.8.2}{\376\377\000A\000l\000i\000g\000n\000T\000o\000P\000l\000a\000n\000e}{section.8}% 40
\BOOKMARK [2][-]{subsection.8.3}{\376\377\000L\000i\000n\000e\000T\000o\000V\000e\000c\000t\000o\000r}{section.8}% 41
\BOOKMARK [2][-]{subsection.8.4}{\376\377\000N\000o\000r\000m\000a\000l\000i\000z\000e}{section.8}% 42
\BOOKMARK [2][-]{subsection.8.5}{\376\377\000P\000l\000a\000n\000a\000r\000H\000u\000l\000l}{section.8}% 43
\BOOKMARK [2][-]{subsection.8.6}{\376\377\000P\000l\000a\000n\000a\000r\000O\000u\000t\000l\000i\000n\000e}{section.8}% 44
\BOOKMARK [2][-]{subsection.8.7}{\376\377\000R\000o\000t\000a\000t\000e\000P\000C\000A}{section.8}% 45
\BOOKMARK [2][-]{subsection.8.8}{\376\377\000T\000o\000P\000o\000i\000n\000t\000C\000l\000o\000u\000d}{section.8}% 46
